Removed Pin From Net: NetName=+3.3V_ISO Pin=C24_Mux_1-1
Removed Pin From Net: NetName=+3.3V_ISO Pin=C24_Mux_2-1
Removed Pin From Net: NetName=+3.3V_ISO Pin=C24_Mux_4-1
Removed Pin From Net: NetName=+3.3V_ISO Pin=C24_Mux_-1
Removed Pin From Net: NetName=GND_Mux_1 Pin=C25_Mux_1-1
Removed Pin From Net: NetName=+3.3V_Mux_1 Pin=C25_Mux_1-2
Removed Pin From Net: NetName=GND_Mux_2 Pin=C25_Mux_2-1
Removed Pin From Net: NetName=+3.3V_Mux_2 Pin=C25_Mux_2-2
Removed Pin From Net: NetName=GND_Mux_4 Pin=C25_Mux_4-1
Removed Pin From Net: NetName=+3.3V_Mux_4 Pin=C25_Mux_4-2
Removed Pin From Net: NetName=GND_Mux_ Pin=C25_Mux_-1
Removed Pin From Net: NetName=+3.3V_Mux_ Pin=C25_Mux_-2
Removed Pin From Net: NetName=+3.3V_ISO Pin=U6_Mux_1-1
Removed Pin From Net: NetName=SIG_Mux_2 Pin=U6_Mux_1-8
Removed Pin From Net: NetName=GND_Mux_1 Pin=U6_Mux_1-9
Removed Pin From Net: NetName=+3.3V_Mux_1 Pin=U6_Mux_1-16
Removed Pin From Net: NetName=+3.3V_ISO Pin=U6_Mux_2-1
Removed Pin From Net: NetName=SIG_Mux_2 Pin=U6_Mux_2-8
Removed Pin From Net: NetName=GND_Mux_2 Pin=U6_Mux_2-9
Removed Pin From Net: NetName=+3.3V_Mux_2 Pin=U6_Mux_2-16
Removed Pin From Net: NetName=+3.3V_ISO Pin=U6_Mux_4-1
Removed Pin From Net: NetName=SIG_Mux_2 Pin=U6_Mux_4-8
Removed Pin From Net: NetName=GND_Mux_4 Pin=U6_Mux_4-9
Removed Pin From Net: NetName=+3.3V_Mux_4 Pin=U6_Mux_4-16
Removed Pin From Net: NetName=+3.3V_ISO Pin=U6_Mux_-1
Removed Pin From Net: NetName=SIG_Mux_2 Pin=U6_Mux_-8
Removed Pin From Net: NetName=GND_Mux_ Pin=U6_Mux_-9
Removed Pin From Net: NetName=+3.3V_Mux_ Pin=U6_Mux_-16
Added Pin To Net: NetName=+3.3V_Mux_1 Pin=C24_Mux_1-1
Added Pin To Net: NetName=GND_Mux_1 Pin=C24_Mux_1-2
Added Pin To Net: NetName=+3.3V_Mux_2 Pin=C24_Mux_2-1
Added Pin To Net: NetName=GND_Mux_2 Pin=C24_Mux_2-2
Added Pin To Net: NetName=+3.3V_Mux_4 Pin=C24_Mux_4-1
Added Pin To Net: NetName=GND_Mux_4 Pin=C24_Mux_4-2
Added Pin To Net: NetName=+3.3V_Mux_ Pin=C24_Mux_-1
Added Pin To Net: NetName=GND_Mux_ Pin=C24_Mux_-2
Added Pin To Net: NetName=SIG_Mux_2 Pin=C25_Mux_1-1
Added Pin To Net: NetName=+3.3V_ISO Pin=C25_Mux_1-2
Added Pin To Net: NetName=SIG_Mux_2 Pin=C25_Mux_2-1
Added Pin To Net: NetName=+3.3V_ISO Pin=C25_Mux_2-2
Added Pin To Net: NetName=SIG_Mux_2 Pin=C25_Mux_4-1
Added Pin To Net: NetName=+3.3V_ISO Pin=C25_Mux_4-2
Added Pin To Net: NetName=SIG_Mux_2 Pin=C25_Mux_-1
Added Pin To Net: NetName=+3.3V_ISO Pin=C25_Mux_-2
Added Pin To Net: NetName=+3.3V_Mux_1 Pin=U6_Mux_1-1
Added Pin To Net: NetName=GND_Mux_1 Pin=U6_Mux_1-8
Added Pin To Net: NetName=SIG_Mux_2 Pin=U6_Mux_1-9
Added Pin To Net: NetName=+3.3V_ISO Pin=U6_Mux_1-16
Added Pin To Net: NetName=+3.3V_Mux_2 Pin=U6_Mux_2-1
Added Pin To Net: NetName=GND_Mux_2 Pin=U6_Mux_2-8
Added Pin To Net: NetName=SIG_Mux_2 Pin=U6_Mux_2-9
Added Pin To Net: NetName=+3.3V_ISO Pin=U6_Mux_2-16
Added Pin To Net: NetName=+3.3V_Mux_4 Pin=U6_Mux_4-1
Added Pin To Net: NetName=GND_Mux_4 Pin=U6_Mux_4-8
Added Pin To Net: NetName=SIG_Mux_2 Pin=U6_Mux_4-9
Added Pin To Net: NetName=+3.3V_ISO Pin=U6_Mux_4-16
Added Pin To Net: NetName=+3.3V_Mux_ Pin=U6_Mux_-1
Added Pin To Net: NetName=GND_Mux_ Pin=U6_Mux_-8
Added Pin To Net: NetName=SIG_Mux_2 Pin=U6_Mux_-9
Added Pin To Net: NetName=+3.3V_ISO Pin=U6_Mux_-16
Add Net: Net with name "AGND" already exists
Added Member To Class: ClassName=Main Member=Component U13 STM32_Blackpill
