Removed Pin From Net: NetName=GND Pin=C24_Mux_1-2
Removed Pin From Net: NetName=+3.3V Pin=C24_Mux_2-1
Removed Pin From Net: NetName=GND Pin=C24_Mux_2-2
Removed Pin From Net: NetName=+3.3V Pin=C24_Mux_4-1
Removed Pin From Net: NetName=GND Pin=C24_Mux_4-2
Removed Pin From Net: NetName=+3.3V Pin=C24_Mux_-1
Removed Pin From Net: NetName=GND Pin=C24_Mux_-2
Removed Pin From Net: NetName=SIG_Mux_2 Pin=C29-1
Removed Pin From Net: NetName=SIG_Mux_2 Pin=C58-2
Removed Pin From Net: NetName=GND Pin=U6_Mux_1-8
Removed Pin From Net: NetName=+3.3V Pin=U6_Mux_2-1
Removed Pin From Net: NetName=GND Pin=U6_Mux_2-8
Removed Pin From Net: NetName=+3.3V Pin=U6_Mux_4-1
Removed Pin From Net: NetName=GND Pin=U6_Mux_4-8
Removed Pin From Net: NetName=+3.3V Pin=U6_Mux_-1
Removed Pin From Net: NetName=GND Pin=U6_Mux_-8
Removed Pin From Net: NetName=NetC30_1 Pin=U15-2
Added Component: Designator=J?(61301611821)
Add component (AddParameter): Name = "Category"; Value = "Board-to-Board Connectors"; VariantName = "[No Variations]"
Add component (AddParameter): Name = "ComponentLink1Description"; Value = "Website Link"; VariantName = "[No Variations]"
Add component (AddParameter): Name = "ComponentLink1URL"; Value = "https://www.we-online.com/redexpert/article/61301611821?ad"; VariantName = "[No Variations]"
Add component (AddParameter): Name = "ComponentLink2Description"; Value = "Datasheet Link"; VariantName = "[No Variations]"
Add component (AddParameter): Name = "ComponentLink2URL"; Value = "https://www.we-online.com/redexpert/spec/61301611821?ad"; VariantName = "[No Variations]"
Add component (AddParameter): Name = "Contact Resistance"; Value = "20mOhm"; VariantName = "[No Variations]"
Add component (AddParameter): Name = "Gender"; Value = "Socket Header"; VariantName = "[No Variations]"
Add component (AddParameter): Name = "Lead Pitch"; Value = "2.54mm"; VariantName = "[No Variations]"
Add component (AddParameter): Name = "Manufacturer"; Value = "Wurth Elektronik"; VariantName = "[No Variations]"
Add component (AddParameter): Name = "Manufacturer Part Number"; Value = "61301611821"; VariantName = "[No Variations]"
Add component (AddParameter): Name = "Match Code"; Value = "WR-PHD"; VariantName = "[No Variations]"
Add component (AddParameter): Name = "Max Operating Temperature"; Value = "105°C"; VariantName = "[No Variations]"
Add component (AddParameter): Name = "Min Operating Temperature"; Value = "-40°C"; VariantName = "[No Variations]"
Add component (AddParameter): Name = "Mount"; Value = "Through Hole"; VariantName = "[No Variations]"
Add component (AddParameter): Name = "Number of Pins"; Value = "16"; VariantName = "[No Variations]"
Add component (AddParameter): Name = "Number of Rows"; Value = "1"; VariantName = "[No Variations]"
Add component (AddParameter): Name = "Orientation"; Value = "Vertical"; VariantName = "[No Variations]"
Add component (AddParameter): Name = "Packaging"; Value = "Tray"; VariantName = "[No Variations]"
Add component (AddParameter): Name = "Rated Current"; Value = "3A"; VariantName = "[No Variations]"
Add component (AddParameter): Name = "Withstanding Voltage"; Value = "500V"; VariantName = "[No Variations]"
Add component (AddParameter): Name = "Working Voltage"; Value = "250V"; VariantName = "[No Variations]"
Added Pin To Net: NetName=GND_Mux_1 Pin=C24_Mux_1-2
Added Pin To Net: NetName=+3.3V_Mux_2 Pin=C24_Mux_2-1
Added Pin To Net: NetName=GND_Mux_2 Pin=C24_Mux_2-2
Added Pin To Net: NetName=+3.3V_Mux_4 Pin=C24_Mux_4-1
Added Pin To Net: NetName=GND_Mux_4 Pin=C24_Mux_4-2
Added Pin To Net: NetName=+3.3V_Mux_ Pin=C24_Mux_-1
Added Pin To Net: NetName=GND_Mux_ Pin=C24_Mux_-2
Added Pin To Net: NetName=AGND Pin=C58-2
Added Pin To Net: NetName=S1 Pin=J?-1
Added Pin To Net: NetName=S2 Pin=J?-2
Added Pin To Net: NetName=S3 Pin=J?-3
Added Pin To Net: NetName=S4 Pin=J?-4
Added Pin To Net: NetName=S5 Pin=J?-5
Added Pin To Net: NetName=S6 Pin=J?-6
Added Pin To Net: NetName=S7 Pin=J?-7
Added Pin To Net: NetName=S8 Pin=J?-8
Added Pin To Net: NetName=S9 Pin=J?-9
Added Pin To Net: NetName=S10 Pin=J?-10
Added Pin To Net: NetName=S11 Pin=J?-11
Added Pin To Net: NetName=S12 Pin=J?-12
Added Pin To Net: NetName=S13 Pin=J?-13
Added Pin To Net: NetName=S14 Pin=J?-14
Added Pin To Net: NetName=S15 Pin=J?-15
Added Pin To Net: NetName=S16 Pin=J?-16
Added Pin To Net: NetName=GND_Mux_1 Pin=U6_Mux_1-8
Added Pin To Net: NetName=+3.3V_Mux_2 Pin=U6_Mux_2-1
Added Pin To Net: NetName=GND_Mux_2 Pin=U6_Mux_2-8
Added Pin To Net: NetName=+3.3V_Mux_4 Pin=U6_Mux_4-1
Added Pin To Net: NetName=GND_Mux_4 Pin=U6_Mux_4-8
Added Pin To Net: NetName=+3.3V_Mux_ Pin=U6_Mux_-1
Added Pin To Net: NetName=GND_Mux_ Pin=U6_Mux_-8
Added Pin To Net: NetName=ENV_TO_ADC Pin=U15-2
Added Member To Class: ClassName=Main Member=Component J? 61301611821
Added Member To Class: ClassName=Mux_1 Member=Component U5_Mux_1 (U5) DG406CWI+
